[0.420s] Invoking command in '/home/das9/ros2_ws/src/turtlesim_catch_them_all': PYTHONPATH=/home/das9/ros2_ws/src/build/turtlesim_catch_them_all/prefix_override:/usr/lib/python3/dist-packages/colcon_core/task/python/colcon_distutils_commands:/home/das9/ros2_ws/src/install/turtlesim_catch_them_all/lib/python3.10/site-packages:${PYTHONPATH} /usr/bin/python3 -W ignore:setup.py install is deprecated -W ignore:easy_install command is deprecated setup.py egg_info --egg-base ../build/turtlesim_catch_them_all build --build-base /home/das9/ros2_ws/src/build/turtlesim_catch_them_all/build install --record /home/das9/ros2_ws/src/build/turtlesim_catch_them_all/install.log --single-version-externally-managed install_data
[0.582s] running egg_info
[0.582s] writing ../build/turtlesim_catch_them_all/turtlesim_catch_them_all.egg-info/PKG-INFO
[0.582s] writing dependency_links to ../build/turtlesim_catch_them_all/turtlesim_catch_them_all.egg-info/dependency_links.txt
[0.583s] writing entry points to ../build/turtlesim_catch_them_all/turtlesim_catch_them_all.egg-info/entry_points.txt
[0.583s] writing requirements to ../build/turtlesim_catch_them_all/turtlesim_catch_them_all.egg-info/requires.txt
[0.583s] writing top-level names to ../build/turtlesim_catch_them_all/turtlesim_catch_them_all.egg-info/top_level.txt
[0.584s] reading manifest file '../build/turtlesim_catch_them_all/turtlesim_catch_them_all.egg-info/SOURCES.txt'
[0.585s] writing manifest file '../build/turtlesim_catch_them_all/turtlesim_catch_them_all.egg-info/SOURCES.txt'
[0.585s] running build
[0.585s] running build_py
[0.586s] copying turtlesim_catch_them_all/turtle_spawner.py -> /home/das9/ros2_ws/src/build/turtlesim_catch_them_all/build/lib/turtlesim_catch_them_all
[0.586s] copying turtlesim_catch_them_all/turtle_controller.py -> /home/das9/ros2_ws/src/build/turtlesim_catch_them_all/build/lib/turtlesim_catch_them_all
[0.586s] running install
[0.586s] running install_lib
[0.587s] copying /home/das9/ros2_ws/src/build/turtlesim_catch_them_all/build/lib/turtlesim_catch_them_all/turtle_spawner.py -> /home/das9/ros2_ws/src/install/turtlesim_catch_them_all/lib/python3.10/site-packages/turtlesim_catch_them_all
[0.587s] copying /home/das9/ros2_ws/src/build/turtlesim_catch_them_all/build/lib/turtlesim_catch_them_all/turtle_controller.py -> /home/das9/ros2_ws/src/install/turtlesim_catch_them_all/lib/python3.10/site-packages/turtlesim_catch_them_all
[0.588s] byte-compiling /home/das9/ros2_ws/src/install/turtlesim_catch_them_all/lib/python3.10/site-packages/turtlesim_catch_them_all/turtle_spawner.py to turtle_spawner.cpython-310.pyc
[0.589s] byte-compiling /home/das9/ros2_ws/src/install/turtlesim_catch_them_all/lib/python3.10/site-packages/turtlesim_catch_them_all/turtle_controller.py to turtle_controller.cpython-310.pyc
[0.590s] running install_data
[0.590s] running install_egg_info
[0.592s] removing '/home/das9/ros2_ws/src/install/turtlesim_catch_them_all/lib/python3.10/site-packages/turtlesim_catch_them_all-0.0.0-py3.10.egg-info' (and everything under it)
[0.592s] Copying ../build/turtlesim_catch_them_all/turtlesim_catch_them_all.egg-info to /home/das9/ros2_ws/src/install/turtlesim_catch_them_all/lib/python3.10/site-packages/turtlesim_catch_them_all-0.0.0-py3.10.egg-info
[0.593s] running install_scripts
[0.608s] Installing turtle_controller script to /home/das9/ros2_ws/src/install/turtlesim_catch_them_all/lib/turtlesim_catch_them_all
[0.608s] Installing turtle_spawner script to /home/das9/ros2_ws/src/install/turtlesim_catch_them_all/lib/turtlesim_catch_them_all
[0.608s] writing list of installed files to '/home/das9/ros2_ws/src/build/turtlesim_catch_them_all/install.log'
[0.627s] Invoked command in '/home/das9/ros2_ws/src/turtlesim_catch_them_all' returned '0': PYTHONPATH=/home/das9/ros2_ws/src/build/turtlesim_catch_them_all/prefix_override:/usr/lib/python3/dist-packages/colcon_core/task/python/colcon_distutils_commands:/home/das9/ros2_ws/src/install/turtlesim_catch_them_all/lib/python3.10/site-packages:${PYTHONPATH} /usr/bin/python3 -W ignore:setup.py install is deprecated -W ignore:easy_install command is deprecated setup.py egg_info --egg-base ../build/turtlesim_catch_them_all build --build-base /home/das9/ros2_ws/src/build/turtlesim_catch_them_all/build install --record /home/das9/ros2_ws/src/build/turtlesim_catch_them_all/install.log --single-version-externally-managed install_data
