/home/das9/ros2_ws/src/install/turtlesim_catch_them_all/lib/python3.10/site-packages/turtlesim_catch_them_all/turtle_spawner.py
/home/das9/ros2_ws/src/install/turtlesim_catch_them_all/lib/python3.10/site-packages/turtlesim_catch_them_all/turtle_spawner_course.py
/home/das9/ros2_ws/src/install/turtlesim_catch_them_all/lib/python3.10/site-packages/turtlesim_catch_them_all/turtle_controller_course.py
/home/das9/ros2_ws/src/install/turtlesim_catch_them_all/lib/python3.10/site-packages/turtlesim_catch_them_all/__init__.py
/home/das9/ros2_ws/src/install/turtlesim_catch_them_all/lib/python3.10/site-packages/turtlesim_catch_them_all/turtle_controller.py
/home/das9/ros2_ws/src/install/turtlesim_catch_them_all/lib/python3.10/site-packages/turtlesim_catch_them_all/__pycache__/turtle_spawner.cpython-310.pyc
/home/das9/ros2_ws/src/install/turtlesim_catch_them_all/lib/python3.10/site-packages/turtlesim_catch_them_all/__pycache__/turtle_spawner_course.cpython-310.pyc
/home/das9/ros2_ws/src/install/turtlesim_catch_them_all/lib/python3.10/site-packages/turtlesim_catch_them_all/__pycache__/turtle_controller_course.cpython-310.pyc
/home/das9/ros2_ws/src/install/turtlesim_catch_them_all/lib/python3.10/site-packages/turtlesim_catch_them_all/__pycache__/__init__.cpython-310.pyc
/home/das9/ros2_ws/src/install/turtlesim_catch_them_all/lib/python3.10/site-packages/turtlesim_catch_them_all/__pycache__/turtle_controller.cpython-310.pyc
/home/das9/ros2_ws/src/install/turtlesim_catch_them_all/share/ament_index/resource_index/packages/turtlesim_catch_them_all
/home/das9/ros2_ws/src/install/turtlesim_catch_them_all/share/turtlesim_catch_them_all/package.xml
/home/das9/ros2_ws/src/install/turtlesim_catch_them_all/lib/python3.10/site-packages/turtlesim_catch_them_all-0.0.0-py3.10.egg-info/SOURCES.txt
/home/das9/ros2_ws/src/install/turtlesim_catch_them_all/lib/python3.10/site-packages/turtlesim_catch_them_all-0.0.0-py3.10.egg-info/requires.txt
/home/das9/ros2_ws/src/install/turtlesim_catch_them_all/lib/python3.10/site-packages/turtlesim_catch_them_all-0.0.0-py3.10.egg-info/top_level.txt
/home/das9/ros2_ws/src/install/turtlesim_catch_them_all/lib/python3.10/site-packages/turtlesim_catch_them_all-0.0.0-py3.10.egg-info/dependency_links.txt
/home/das9/ros2_ws/src/install/turtlesim_catch_them_all/lib/python3.10/site-packages/turtlesim_catch_them_all-0.0.0-py3.10.egg-info/PKG-INFO
/home/das9/ros2_ws/src/install/turtlesim_catch_them_all/lib/python3.10/site-packages/turtlesim_catch_them_all-0.0.0-py3.10.egg-info/zip-safe
/home/das9/ros2_ws/src/install/turtlesim_catch_them_all/lib/python3.10/site-packages/turtlesim_catch_them_all-0.0.0-py3.10.egg-info/entry_points.txt
/home/das9/ros2_ws/src/install/turtlesim_catch_them_all/lib/turtlesim_catch_them_all/turtle_controller
/home/das9/ros2_ws/src/install/turtlesim_catch_them_all/lib/turtlesim_catch_them_all/turtle_spawner
