[0.468s] Invoking command in '/home/das9/ros2_ws/src/turtlesim_catch_them_all': PYTHONPATH=/home/das9/ros2_ws/src/build/turtlesim_catch_them_all/prefix_override:/usr/lib/python3/dist-packages/colcon_core/task/python/colcon_distutils_commands:/home/das9/ros2_ws/src/install/turtlesim_catch_them_all/lib/python3.10/site-packages:${PYTHONPATH} /usr/bin/python3 -W ignore:setup.py install is deprecated -W ignore:easy_install command is deprecated setup.py egg_info --egg-base ../build/turtlesim_catch_them_all build --build-base /home/das9/ros2_ws/src/build/turtlesim_catch_them_all/build install --record /home/das9/ros2_ws/src/build/turtlesim_catch_them_all/install.log --single-version-externally-managed install_data
[0.645s] running egg_info
[0.646s] creating ../build/turtlesim_catch_them_all/turtlesim_catch_them_all.egg-info
[0.646s] writing ../build/turtlesim_catch_them_all/turtlesim_catch_them_all.egg-info/PKG-INFO
[0.646s] writing dependency_links to ../build/turtlesim_catch_them_all/turtlesim_catch_them_all.egg-info/dependency_links.txt
[0.646s] writing entry points to ../build/turtlesim_catch_them_all/turtlesim_catch_them_all.egg-info/entry_points.txt
[0.647s] writing requirements to ../build/turtlesim_catch_them_all/turtlesim_catch_them_all.egg-info/requires.txt
[0.647s] writing top-level names to ../build/turtlesim_catch_them_all/turtlesim_catch_them_all.egg-info/top_level.txt
[0.647s] writing manifest file '../build/turtlesim_catch_them_all/turtlesim_catch_them_all.egg-info/SOURCES.txt'
[0.648s] reading manifest file '../build/turtlesim_catch_them_all/turtlesim_catch_them_all.egg-info/SOURCES.txt'
[0.649s] writing manifest file '../build/turtlesim_catch_them_all/turtlesim_catch_them_all.egg-info/SOURCES.txt'
[0.649s] running build
[0.649s] running build_py
[0.649s] creating /home/das9/ros2_ws/src/build/turtlesim_catch_them_all/build
[0.649s] creating /home/das9/ros2_ws/src/build/turtlesim_catch_them_all/build/lib
[0.649s] creating /home/das9/ros2_ws/src/build/turtlesim_catch_them_all/build/lib/turtlesim_catch_them_all
[0.649s] copying turtlesim_catch_them_all/turtle_spawner.py -> /home/das9/ros2_ws/src/build/turtlesim_catch_them_all/build/lib/turtlesim_catch_them_all
[0.649s] copying turtlesim_catch_them_all/__init__.py -> /home/das9/ros2_ws/src/build/turtlesim_catch_them_all/build/lib/turtlesim_catch_them_all
[0.649s] copying turtlesim_catch_them_all/turtle_controller.py -> /home/das9/ros2_ws/src/build/turtlesim_catch_them_all/build/lib/turtlesim_catch_them_all
[0.649s] running install
[0.650s] running install_lib
[0.650s] creating /home/das9/ros2_ws/src/install/turtlesim_catch_them_all/lib/python3.10/site-packages/turtlesim_catch_them_all
[0.650s] copying /home/das9/ros2_ws/src/build/turtlesim_catch_them_all/build/lib/turtlesim_catch_them_all/turtle_spawner.py -> /home/das9/ros2_ws/src/install/turtlesim_catch_them_all/lib/python3.10/site-packages/turtlesim_catch_them_all
[0.650s] copying /home/das9/ros2_ws/src/build/turtlesim_catch_them_all/build/lib/turtlesim_catch_them_all/__init__.py -> /home/das9/ros2_ws/src/install/turtlesim_catch_them_all/lib/python3.10/site-packages/turtlesim_catch_them_all
[0.650s] copying /home/das9/ros2_ws/src/build/turtlesim_catch_them_all/build/lib/turtlesim_catch_them_all/turtle_controller.py -> /home/das9/ros2_ws/src/install/turtlesim_catch_them_all/lib/python3.10/site-packages/turtlesim_catch_them_all
[0.651s] byte-compiling /home/das9/ros2_ws/src/install/turtlesim_catch_them_all/lib/python3.10/site-packages/turtlesim_catch_them_all/turtle_spawner.py to turtle_spawner.cpython-310.pyc
[0.652s] byte-compiling /home/das9/ros2_ws/src/install/turtlesim_catch_them_all/lib/python3.10/site-packages/turtlesim_catch_them_all/__init__.py to __init__.cpython-310.pyc
[0.652s] byte-compiling /home/das9/ros2_ws/src/install/turtlesim_catch_them_all/lib/python3.10/site-packages/turtlesim_catch_them_all/turtle_controller.py to turtle_controller.cpython-310.pyc
[0.652s] running install_data
[0.652s] creating /home/das9/ros2_ws/src/install/turtlesim_catch_them_all/share/ament_index
[0.652s] creating /home/das9/ros2_ws/src/install/turtlesim_catch_them_all/share/ament_index/resource_index
[0.652s] creating /home/das9/ros2_ws/src/install/turtlesim_catch_them_all/share/ament_index/resource_index/packages
[0.652s] copying resource/turtlesim_catch_them_all -> /home/das9/ros2_ws/src/install/turtlesim_catch_them_all/share/ament_index/resource_index/packages
[0.653s] copying package.xml -> /home/das9/ros2_ws/src/install/turtlesim_catch_them_all/share/turtlesim_catch_them_all
[0.653s] running install_egg_info
[0.654s] Copying ../build/turtlesim_catch_them_all/turtlesim_catch_them_all.egg-info to /home/das9/ros2_ws/src/install/turtlesim_catch_them_all/lib/python3.10/site-packages/turtlesim_catch_them_all-0.0.0-py3.10.egg-info
[0.654s] running install_scripts
[0.670s] Installing turtle_controller script to /home/das9/ros2_ws/src/install/turtlesim_catch_them_all/lib/turtlesim_catch_them_all
[0.670s] Installing turtle_spawner script to /home/das9/ros2_ws/src/install/turtlesim_catch_them_all/lib/turtlesim_catch_them_all
[0.670s] writing list of installed files to '/home/das9/ros2_ws/src/build/turtlesim_catch_them_all/install.log'
[0.688s] Invoked command in '/home/das9/ros2_ws/src/turtlesim_catch_them_all' returned '0': PYTHONPATH=/home/das9/ros2_ws/src/build/turtlesim_catch_them_all/prefix_override:/usr/lib/python3/dist-packages/colcon_core/task/python/colcon_distutils_commands:/home/das9/ros2_ws/src/install/turtlesim_catch_them_all/lib/python3.10/site-packages:${PYTHONPATH} /usr/bin/python3 -W ignore:setup.py install is deprecated -W ignore:easy_install command is deprecated setup.py egg_info --egg-base ../build/turtlesim_catch_them_all build --build-base /home/das9/ros2_ws/src/build/turtlesim_catch_them_all/build install --record /home/das9/ros2_ws/src/build/turtlesim_catch_them_all/install.log --single-version-externally-managed install_data
